>>> Reading images
achievement_default.png: images/achievementIcons/achievement_default.png
achievement_garyreeducation.png: images/achievementIcons/achievement_garyreeducation.png
achievement_rina1.png: images/achievementIcons/achievement_rina1.png
bg_CWY6FxMUsAIfDuO.png: images/backgrounds/bg_CWY6FxMUsAIfDuO.png
bg_CmEdPF6UgAAQQgF.png: images/backgrounds/bg_CmEdPF6UgAAQQgF.png
bg_NortonSt.png: images/backgrounds/bg_NortonSt.png
bg_Workshop.png: images/backgrounds/bg_Workshop.png
bg_Workshopdark.png: images/backgrounds/bg_Workshopdark.png
bg_arthur.png: images/backgrounds/bg_arthur.png
bg_disclaimer.png: images/backgrounds/bg_disclaimer.png
bg_dreamtree.png: images/backgrounds/bg_dreamtree.png
bg_economics.png: images/backgrounds/bg_economics.png
bg_english.png: images/backgrounds/bg_english.png
bg_eoarchean.png: images/backgrounds/bg_eoarchean.png
bg_fields_by_applesin_mod.png: images/backgrounds/bg_fields_by_applesin_mod.png
bg_forthandballarea.png: images/backgrounds/bg_forthandballarea.png
bg_fortrowecorridor.png: images/backgrounds/bg_fortrowecorridor.png
bg_grant1.png: images/backgrounds/bg_grant1.png
bg_hall.png: images/backgrounds/bg_hall.png
bg_hallentrance.png: images/backgrounds/bg_hallentrance.png
bg_memorial_hall.png: images/backgrounds/bg_memorial_hall.png
bg_parisafremov.png: images/backgrounds/bg_parisafremov.png
bg_physclass.png: images/backgrounds/bg_physclass.png
bg_principaloffice.png: images/backgrounds/bg_principaloffice.png
bg_principalofficedoor.png: images/backgrounds/bg_principalofficedoor.png
bg_strathloadingdock.png: images/backgrounds/bg_strathloadingdock.png
bg_strathloadingdocksign.png: images/backgrounds/bg_strathloadingdocksign.png
bg_szeceded.png: images/backgrounds/bg_szeceded.png
bg_toilet.png: images/backgrounds/bg_toilet.png
bg_wilkins_side.png: images/backgrounds/bg_wilkins_side.png
char_CTf1fsBUwAAIe9a.png: images/characterImages/char_CTf1fsBUwAAIe9a.png
char_RRRROOOOOOOYYYYYYYYYboi.png: images/characterImages/char_RRRROOOOOOOYYYYYYYYYboi.png
char_arthurside.png: images/characterImages/char_arthurside.png
char_billthecleaner.png: images/characterImages/char_billthecleaner.png
char_calculetor.png: images/characterImages/char_calculetor.png
char_chao2.png: images/characterImages/char_chao2.png
char_chaohappy.png: images/characterImages/char_chaohappy.png
char_chaoport.png: images/characterImages/char_chaoport.png
char_darkstreet.png: images/characterImages/char_darkstreet.png
char_deanside.png: images/characterImages/char_deanside.png
char_derkiederkside.png: images/characterImages/char_derkiederkside.png
char_garry.png: images/characterImages/char_garry.png
char_grant.png: images/characterImages/char_grant.png
char_jitian.png: images/characterImages/char_jitian.png
char_kirby.png: images/characterImages/char_kirby.png
char_lecalc.png: images/characterImages/char_lecalc.png
char_moxhamhappy.png: images/characterImages/char_moxhamhappy.png
char_moxhamside.png: images/characterImages/char_moxhamside.png
char_moxhamunhappy.png: images/characterImages/char_moxhamunhappy.png
char_pragash.png: images/characterImages/char_pragash.png
char_pragash2.png: images/characterImages/char_pragash2.png
char_pragashnormal.png: images/characterImages/char_pragashnormal.png
char_rick.png: images/characterImages/char_rick.png
char_rina.png: images/characterImages/char_rina.png
char_rusali.png: images/characterImages/char_rusali.png
char_rusali_side.png: images/characterImages/char_rusali_side.png
char_rusalidropkick.png: images/characterImages/char_rusalidropkick.png
char_sze1.png: images/characterImages/char_sze1.png
char_toddside.png: images/characterImages/char_toddside.png
char_willis1.png: images/characterImages/char_willis1.png
char_willisside.png: images/characterImages/char_willisside.png
char_willisside1.png: images/characterImages/char_willisside1.png
char_willyin.png: images/characterImages/char_willyin.png
char_yang1.png: images/characterImages/char_yang1.png
icon_anthonyle.png: images/icons/icon_anthonyle.png
icon_billthecleaner.png: images/icons/icon_billthecleaner.png
icon_chao.png: images/icons/icon_chao.png
icon_charm.png: images/icons/icon_charm.png
icon_cursor.png: images/icons/icon_cursor.png
icon_dean.png: images/icons/icon_dean.png
icon_default.png: images/icons/icon_default.png
icon_derek.png: images/icons/icon_derek.png
icon_fort.png: images/icons/icon_fort.png
icon_gary.png: images/icons/icon_gary.png
icon_grant.png: images/icons/icon_grant.png
icon_intellect.png: images/icons/icon_intellect.png
icon_moxham.png: images/icons/icon_moxham.png
icon_pragash.png: images/icons/icon_pragash.png
icon_richard.png: images/icons/icon_richard.png
icon_rina.png: images/icons/icon_rina.png
icon_roy.png: images/icons/icon_roy.png
icon_rusali.png: images/icons/icon_rusali.png
icon_save.png: images/icons/icon_save.png
icon_strength.png: images/icons/icon_strength.png
icon_thirst.png: images/icons/icon_thirst.png
icon_todd.png: images/icons/icon_todd.png
icon_willis.png: images/icons/icon_willis.png
icon_willyang.png: images/icons/icon_willyang.png
icon_willyin.png: images/icons/icon_willyin.png
item_axe.png: images/items/item_axe.png
item_bag.png: images/items/item_bag.png
item_ball.png: images/items/item_ball.png
item_calc1.png: images/items/item_calc1.png
item_cannon.png: images/items/item_cannon.png
item_kirby.png: images/items/item_kirby.png
kms_bg_bedroom.png: images/suicideScreens/kms_bg_bedroom.png
kms_bg_gunSuicide.png: images/suicideScreens/kms_bg_gunSuicide.png
kms_bg_hangingSuicide.png: images/suicideScreens/kms_bg_hangingSuicide.png
kms_icon_glockNoTrigger.png: images/suicideScreens/kms_icon_glockNoTrigger.png
quest_default.png: images/questIcons/quest_default.png
quest_serenaSlay.png: images/questIcons/quest_serenaSlay.png
screen_bg_diaryGrid.png: images/screenBackgrounds/screen_bg_diaryGrid.png
screen_bg_diaryNormal.png: images/screenBackgrounds/screen_bg_diaryNormal.png
screen_bg_map.png: images/screenBackgrounds/screen_bg_map.png
screen_bg_map_selected.png: images/screenBackgrounds/screen_bg_map_selected.png
screen_bg_map_unavailable.png: images/screenBackgrounds/screen_bg_map_unavailable.png
screen_bg_pong.png: images/screenBackgrounds/screen_bg_pong.png

>>> Reading audio
CongressNeptune.ogg: audio/music/CongressNeptune.ogg
DeemoPaper Plane's Adventure.ogg: audio/music/DeemoPaper Plane's Adventure.ogg
Herbert von Karajan -Intermezzo Sinfonico- Cavalleria Rusticana.ogg: audio/music/Herbert von Karajan -Intermezzo Sinfonico- Cavalleria Rusticana.ogg
LeCastleVaniaLEDSpiralsJW.ogg: audio/music/LeCastleVaniaLEDSpiralsJW.ogg
ManuelGasGasGas(InitialD).ogg: audio/music/ManuelGasGasGas(InitialD).ogg
PinkFloydAnotherBrickInTheWall.ogg: audio/music/PinkFloydAnotherBrickInTheWall.ogg
RaxlenSliceBG8bit.ogg: audio/music/RaxlenSliceBG8bit.ogg
TheRoomOSTMainTheme.ogg: audio/music/TheRoomOSTMainTheme.ogg
VarienThroneOfRavens.ogg: audio/music/VarienThroneOfRavens.ogg
button_select.ogg: audio/sfx/button_select.ogg
error.ogg: audio/sfx/error.ogg
game_over.ogg: audio/sfx/game_over.ogg
gunClick.ogg: audio/sfx/gunClick.ogg
gunSound.ogg: audio/sfx/gunSound.ogg
hpunch.ogg: audio/sfx/hpunch.ogg
kahoot.ogg: audio/music/kahoot.ogg
mlady.ogg: audio/sfx/mlady.ogg
p3IwatodaiDorm.ogg: audio/music/p3IwatodaiDorm.ogg
p3MassDestruction.ogg: audio/music/p3MassDestruction.ogg
p3WhenTheMoon'sReachingOutStars.ogg: audio/music/p3WhenTheMoon'sReachingOutStars.ogg
p3_JikaNetTanaka.ogg: audio/music/p3_JikaNetTanaka.ogg
p4LikeADreamComeTrue.ogg: audio/music/p4LikeADreamComeTrue.ogg
p4Reasoning.ogg: audio/music/p4Reasoning.ogg
p4Traumerei.ogg: audio/music/p4Traumerei.ogg
p4YouthfulLunch.ogg: audio/music/p4YouthfulLunch.ogg
p5BeneathTheMaskInstrumental.ogg: audio/music/p5BeneathTheMaskInstrumental.ogg
respawn.ogg: audio/sfx/respawn.ogg
rusaliloadingdockHeyYallGotCigaretteBombsAwayRemix.ogg: audio/music/rusaliloadingdockHeyYallGotCigaretteBombsAwayRemix.ogg
slayer.ogg: audio/sfx/slayer.ogg
terroristyterroristsong.ogg: audio/music/terroristyterroristsong.ogg
vpunch.ogg: audio/sfx/vpunch.ogg
wind.ogg: audio/sfx/wind.ogg
xbox.ogg: audio/sfx/xbox.ogg

